[0723/105344.543:INFO:CONSOLE(1)] "Uncaught ReferenceError: start is not defined", source: file:///C:/Program%20Files/Google/Chrome/Application/115.0.5790.102/ (1)
[0723/105344.543:INFO:CONSOLE(2)] "Uncaught ReferenceError: onHasParentDirectory is not defined", source: file:///C:/Program%20Files/Google/Chrome/Application/115.0.5790.102/ (2)
[0723/105344.544:INFO:CONSOLE(3)] "Uncaught ReferenceError: addRow is not defined", source: file:///C:/Program%20Files/Google/Chrome/Application/115.0.5790.102/ (3)
[0723/105344.544:INFO:CONSOLE(4)] "Uncaught ReferenceError: addRow is not defined", source: file:///C:/Program%20Files/Google/Chrome/Application/115.0.5790.102/ (4)
[0723/105344.545:INFO:CONSOLE(5)] "Uncaught ReferenceError: addRow is not defined", source: file:///C:/Program%20Files/Google/Chrome/Application/115.0.5790.102/ (5)
[0723/105344.545:INFO:CONSOLE(6)] "Uncaught ReferenceError: addRow is not defined", source: file:///C:/Program%20Files/Google/Chrome/Application/115.0.5790.102/ (6)
[0723/105344.545:INFO:CONSOLE(7)] "Uncaught ReferenceError: addRow is not defined", source: file:///C:/Program%20Files/Google/Chrome/Application/115.0.5790.102/ (7)
[0723/105344.545:INFO:CONSOLE(8)] "Uncaught ReferenceError: addRow is not defined", source: file:///C:/Program%20Files/Google/Chrome/Application/115.0.5790.102/ (8)
[0723/105344.546:INFO:CONSOLE(9)] "Uncaught ReferenceError: addRow is not defined", source: file:///C:/Program%20Files/Google/Chrome/Application/115.0.5790.102/ (9)
[0723/105344.547:INFO:CONSOLE(10)] "Uncaught ReferenceError: addRow is not defined", source: file:///C:/Program%20Files/Google/Chrome/Application/115.0.5790.102/ (10)
[0723/105344.547:INFO:CONSOLE(11)] "Uncaught ReferenceError: addRow is not defined", source: file:///C:/Program%20Files/Google/Chrome/Application/115.0.5790.102/ (11)
[0723/105344.548:INFO:CONSOLE(12)] "Uncaught ReferenceError: addRow is not defined", source: file:///C:/Program%20Files/Google/Chrome/Application/115.0.5790.102/ (12)
[0723/105344.548:INFO:CONSOLE(13)] "Uncaught ReferenceError: addRow is not defined", source: file:///C:/Program%20Files/Google/Chrome/Application/115.0.5790.102/ (13)
[0723/105344.548:INFO:CONSOLE(14)] "Uncaught ReferenceError: addRow is not defined", source: file:///C:/Program%20Files/Google/Chrome/Application/115.0.5790.102/ (14)
[0723/105344.549:INFO:CONSOLE(15)] "Uncaught ReferenceError: addRow is not defined", source: file:///C:/Program%20Files/Google/Chrome/Application/115.0.5790.102/ (15)
[0723/105344.549:INFO:CONSOLE(16)] "Uncaught ReferenceError: addRow is not defined", source: file:///C:/Program%20Files/Google/Chrome/Application/115.0.5790.102/ (16)
[0723/105344.549:INFO:CONSOLE(17)] "Uncaught ReferenceError: addRow is not defined", source: file:///C:/Program%20Files/Google/Chrome/Application/115.0.5790.102/ (17)
[0723/105344.549:INFO:CONSOLE(18)] "Uncaught ReferenceError: addRow is not defined", source: file:///C:/Program%20Files/Google/Chrome/Application/115.0.5790.102/ (18)
[0723/105344.549:INFO:CONSOLE(19)] "Uncaught ReferenceError: addRow is not defined", source: file:///C:/Program%20Files/Google/Chrome/Application/115.0.5790.102/ (19)
[0723/105344.549:INFO:CONSOLE(20)] "Uncaught ReferenceError: addRow is not defined", source: file:///C:/Program%20Files/Google/Chrome/Application/115.0.5790.102/ (20)
[0723/105344.550:INFO:CONSOLE(21)] "Uncaught ReferenceError: addRow is not defined", source: file:///C:/Program%20Files/Google/Chrome/Application/115.0.5790.102/ (21)
[0723/105344.550:INFO:CONSOLE(22)] "Uncaught ReferenceError: addRow is not defined", source: file:///C:/Program%20Files/Google/Chrome/Application/115.0.5790.102/ (22)
[0723/105344.550:INFO:CONSOLE(23)] "Uncaught ReferenceError: addRow is not defined", source: file:///C:/Program%20Files/Google/Chrome/Application/115.0.5790.102/ (23)
[0723/105344.551:INFO:CONSOLE(24)] "Uncaught ReferenceError: addRow is not defined", source: file:///C:/Program%20Files/Google/Chrome/Application/115.0.5790.102/ (24)
[0723/105344.551:INFO:CONSOLE(25)] "Uncaught ReferenceError: addRow is not defined", source: file:///C:/Program%20Files/Google/Chrome/Application/115.0.5790.102/ (25)
[0723/105344.551:INFO:CONSOLE(26)] "Uncaught ReferenceError: addRow is not defined", source: file:///C:/Program%20Files/Google/Chrome/Application/115.0.5790.102/ (26)
[0723/105344.551:INFO:CONSOLE(27)] "Uncaught ReferenceError: addRow is not defined", source: file:///C:/Program%20Files/Google/Chrome/Application/115.0.5790.102/ (27)
[0723/105344.552:INFO:CONSOLE(28)] "Uncaught ReferenceError: addRow is not defined", source: file:///C:/Program%20Files/Google/Chrome/Application/115.0.5790.102/ (28)
[0723/105344.552:INFO:CONSOLE(29)] "Uncaught ReferenceError: addRow is not defined", source: file:///C:/Program%20Files/Google/Chrome/Application/115.0.5790.102/ (29)
[0723/105344.552:INFO:CONSOLE(30)] "Uncaught ReferenceError: addRow is not defined", source: file:///C:/Program%20Files/Google/Chrome/Application/115.0.5790.102/ (30)
[0723/105344.552:INFO:CONSOLE(31)] "Uncaught ReferenceError: addRow is not defined", source: file:///C:/Program%20Files/Google/Chrome/Application/115.0.5790.102/ (31)
[0723/105344.553:INFO:CONSOLE(32)] "Uncaught ReferenceError: addRow is not defined", source: file:///C:/Program%20Files/Google/Chrome/Application/115.0.5790.102/ (32)
[0723/105344.554:INFO:CONSOLE(33)] "Uncaught ReferenceError: addRow is not defined", source: file:///C:/Program%20Files/Google/Chrome/Application/115.0.5790.102/ (33)
[0723/105347.046:INFO:CONSOLE(7)] "Another connection wants to delete database 'wawc'. Closing db now to resume the delete request.", source: https://web.whatsapp.com/vendor1~app.0c8e960e5dfd7020f562.js (7)
[0723/105408.529:ERROR:cache_util_win.cc(20)] Unable to move the cache: Access is denied. (0x5)
[0723/105408.529:ERROR:disk_cache.cc(205)] Unable to create cache
[0723/105408.529:ERROR:gpu_disk_cache.cc(676)] Gpu Cache Creation failed: -2
[0723/105408.543:ERROR:cache_util_win.cc(20)] Unable to move the cache: Access is denied. (0x5)
[0723/105408.544:ERROR:disk_cache.cc(205)] Unable to create cache
[0723/105408.544:ERROR:gpu_disk_cache.cc(676)] Gpu Cache Creation failed: -2
[0723/105408.845:INFO:CONSOLE(1)] "Uncaught ReferenceError: start is not defined", source: file:///C:/Program%20Files/Google/Chrome/Application/115.0.5790.102/ (1)
[0723/105408.845:INFO:CONSOLE(2)] "Uncaught ReferenceError: onHasParentDirectory is not defined", source: file:///C:/Program%20Files/Google/Chrome/Application/115.0.5790.102/ (2)
[0723/105408.845:INFO:CONSOLE(3)] "Uncaught ReferenceError: addRow is not defined", source: file:///C:/Program%20Files/Google/Chrome/Application/115.0.5790.102/ (3)
[0723/105408.845:INFO:CONSOLE(4)] "Uncaught ReferenceError: addRow is not defined", source: file:///C:/Program%20Files/Google/Chrome/Application/115.0.5790.102/ (4)
[0723/105408.845:INFO:CONSOLE(5)] "Uncaught ReferenceError: addRow is not defined", source: file:///C:/Program%20Files/Google/Chrome/Application/115.0.5790.102/ (5)
[0723/105408.845:INFO:CONSOLE(6)] "Uncaught ReferenceError: addRow is not defined", source: file:///C:/Program%20Files/Google/Chrome/Application/115.0.5790.102/ (6)
[0723/105408.845:INFO:CONSOLE(7)] "Uncaught ReferenceError: addRow is not defined", source: file:///C:/Program%20Files/Google/Chrome/Application/115.0.5790.102/ (7)
[0723/105408.845:INFO:CONSOLE(8)] "Uncaught ReferenceError: addRow is not defined", source: file:///C:/Program%20Files/Google/Chrome/Application/115.0.5790.102/ (8)
[0723/105408.846:INFO:CONSOLE(9)] "Uncaught ReferenceError: addRow is not defined", source: file:///C:/Program%20Files/Google/Chrome/Application/115.0.5790.102/ (9)
[0723/105408.846:INFO:CONSOLE(10)] "Uncaught ReferenceError: addRow is not defined", source: file:///C:/Program%20Files/Google/Chrome/Application/115.0.5790.102/ (10)
[0723/105408.846:INFO:CONSOLE(11)] "Uncaught ReferenceError: addRow is not defined", source: file:///C:/Program%20Files/Google/Chrome/Application/115.0.5790.102/ (11)
[0723/105408.846:INFO:CONSOLE(12)] "Uncaught ReferenceError: addRow is not defined", source: file:///C:/Program%20Files/Google/Chrome/Application/115.0.5790.102/ (12)
[0723/105408.846:INFO:CONSOLE(13)] "Uncaught ReferenceError: addRow is not defined", source: file:///C:/Program%20Files/Google/Chrome/Application/115.0.5790.102/ (13)
[0723/105408.847:INFO:CONSOLE(14)] "Uncaught ReferenceError: addRow is not defined", source: file:///C:/Program%20Files/Google/Chrome/Application/115.0.5790.102/ (14)
[0723/105408.847:INFO:CONSOLE(15)] "Uncaught ReferenceError: addRow is not defined", source: file:///C:/Program%20Files/Google/Chrome/Application/115.0.5790.102/ (15)
[0723/105408.847:INFO:CONSOLE(16)] "Uncaught ReferenceError: addRow is not defined", source: file:///C:/Program%20Files/Google/Chrome/Application/115.0.5790.102/ (16)
[0723/105408.847:INFO:CONSOLE(17)] "Uncaught ReferenceError: addRow is not defined", source: file:///C:/Program%20Files/Google/Chrome/Application/115.0.5790.102/ (17)
[0723/105408.848:INFO:CONSOLE(18)] "Uncaught ReferenceError: addRow is not defined", source: file:///C:/Program%20Files/Google/Chrome/Application/115.0.5790.102/ (18)
[0723/105408.849:INFO:CONSOLE(19)] "Uncaught ReferenceError: addRow is not defined", source: file:///C:/Program%20Files/Google/Chrome/Application/115.0.5790.102/ (19)
[0723/105408.849:INFO:CONSOLE(20)] "Uncaught ReferenceError: addRow is not defined", source: file:///C:/Program%20Files/Google/Chrome/Application/115.0.5790.102/ (20)
[0723/105408.850:INFO:CONSOLE(21)] "Uncaught ReferenceError: addRow is not defined", source: file:///C:/Program%20Files/Google/Chrome/Application/115.0.5790.102/ (21)
[0723/105408.850:INFO:CONSOLE(22)] "Uncaught ReferenceError: addRow is not defined", source: file:///C:/Program%20Files/Google/Chrome/Application/115.0.5790.102/ (22)
[0723/105408.850:INFO:CONSOLE(23)] "Uncaught ReferenceError: addRow is not defined", source: file:///C:/Program%20Files/Google/Chrome/Application/115.0.5790.102/ (23)
[0723/105408.853:INFO:CONSOLE(24)] "Uncaught ReferenceError: addRow is not defined", source: file:///C:/Program%20Files/Google/Chrome/Application/115.0.5790.102/ (24)
[0723/105408.853:INFO:CONSOLE(25)] "Uncaught ReferenceError: addRow is not defined", source: file:///C:/Program%20Files/Google/Chrome/Application/115.0.5790.102/ (25)
[0723/105408.853:INFO:CONSOLE(26)] "Uncaught ReferenceError: addRow is not defined", source: file:///C:/Program%20Files/Google/Chrome/Application/115.0.5790.102/ (26)
[0723/105408.854:INFO:CONSOLE(27)] "Uncaught ReferenceError: addRow is not defined", source: file:///C:/Program%20Files/Google/Chrome/Application/115.0.5790.102/ (27)
[0723/105408.854:INFO:CONSOLE(28)] "Uncaught ReferenceError: addRow is not defined", source: file:///C:/Program%20Files/Google/Chrome/Application/115.0.5790.102/ (28)
[0723/105408.854:INFO:CONSOLE(29)] "Uncaught ReferenceError: addRow is not defined", source: file:///C:/Program%20Files/Google/Chrome/Application/115.0.5790.102/ (29)
[0723/105408.854:INFO:CONSOLE(30)] "Uncaught ReferenceError: addRow is not defined", source: file:///C:/Program%20Files/Google/Chrome/Application/115.0.5790.102/ (30)
[0723/105408.855:INFO:CONSOLE(31)] "Uncaught ReferenceError: addRow is not defined", source: file:///C:/Program%20Files/Google/Chrome/Application/115.0.5790.102/ (31)
[0723/105408.856:INFO:CONSOLE(32)] "Uncaught ReferenceError: addRow is not defined", source: file:///C:/Program%20Files/Google/Chrome/Application/115.0.5790.102/ (32)
[0723/105408.857:INFO:CONSOLE(33)] "Uncaught ReferenceError: addRow is not defined", source: file:///C:/Program%20Files/Google/Chrome/Application/115.0.5790.102/ (33)
[0723/105409.966:ERROR:cache_util_win.cc(20)] Unable to move the cache: Access is denied. (0x5)
[0723/105409.971:ERROR:disk_cache.cc(205)] Unable to create cache
[0723/105409.971:ERROR:gpu_disk_cache.cc(676)] Gpu Cache Creation failed: -2
[0723/105409.973:ERROR:cache_util_win.cc(20)] Unable to move the cache: Access is denied. (0x5)
[0723/105409.974:ERROR:disk_cache.cc(205)] Unable to create cache
[0723/105409.974:ERROR:gpu_disk_cache.cc(676)] Gpu Cache Creation failed: -2
[0723/105410.173:ERROR:cache_util_win.cc(20)] Unable to move the cache: Access is denied. (0x5)
[0723/105410.173:ERROR:disk_cache.cc(205)] Unable to create cache
[0723/105411.172:INFO:CONSOLE(5)] "[object Event]", source: https://web.whatsapp.com/app.9e31a8725d9f2a90915f.js (5)
[0723/105417.373:ERROR:leveldb_factory.cc(88)] Failed to open LevelDB database from C:\Users\FAMOFI\Desktop\wa_api_js\tokens\my-session\Default\IndexedDB\https_web.whatsapp.com_0.indexeddb.leveldb,IO error: C:\Users\FAMOFI\Desktop\wa_api_js\tokens\my-session\Default\IndexedDB\https_web.whatsapp.com_0.indexeddb.leveldb/LOCK: File currently in use. (ChromeMethodBFE: 15::LockFile::2)
[0723/105419.422:ERROR:leveldb_factory.cc(88)] Failed to open LevelDB database from C:\Users\FAMOFI\Desktop\wa_api_js\tokens\my-session\Default\IndexedDB\https_web.whatsapp.com_0.indexeddb.leveldb,IO error: C:\Users\FAMOFI\Desktop\wa_api_js\tokens\my-session\Default\IndexedDB\https_web.whatsapp.com_0.indexeddb.leveldb/LOCK: File currently in use. (ChromeMethodBFE: 15::LockFile::2)
[0723/105421.495:ERROR:leveldb_factory.cc(88)] Failed to open LevelDB database from C:\Users\FAMOFI\Desktop\wa_api_js\tokens\my-session\Default\IndexedDB\https_web.whatsapp.com_0.indexeddb.leveldb,IO error: C:\Users\FAMOFI\Desktop\wa_api_js\tokens\my-session\Default\IndexedDB\https_web.whatsapp.com_0.indexeddb.leveldb/LOCK: File currently in use. (ChromeMethodBFE: 15::LockFile::2)
[0723/105423.539:ERROR:leveldb_factory.cc(88)] Failed to open LevelDB database from C:\Users\FAMOFI\Desktop\wa_api_js\tokens\my-session\Default\IndexedDB\https_web.whatsapp.com_0.indexeddb.leveldb,IO error: C:\Users\FAMOFI\Desktop\wa_api_js\tokens\my-session\Default\IndexedDB\https_web.whatsapp.com_0.indexeddb.leveldb/LOCK: File currently in use. (ChromeMethodBFE: 15::LockFile::2)
[0723/105425.565:ERROR:leveldb_factory.cc(88)] Failed to open LevelDB database from C:\Users\FAMOFI\Desktop\wa_api_js\tokens\my-session\Default\IndexedDB\https_web.whatsapp.com_0.indexeddb.leveldb,IO error: C:\Users\FAMOFI\Desktop\wa_api_js\tokens\my-session\Default\IndexedDB\https_web.whatsapp.com_0.indexeddb.leveldb/LOCK: File currently in use. (ChromeMethodBFE: 15::LockFile::2)
[0723/105427.581:ERROR:leveldb_factory.cc(88)] Failed to open LevelDB database from C:\Users\FAMOFI\Desktop\wa_api_js\tokens\my-session\Default\IndexedDB\https_web.whatsapp.com_0.indexeddb.leveldb,IO error: C:\Users\FAMOFI\Desktop\wa_api_js\tokens\my-session\Default\IndexedDB\https_web.whatsapp.com_0.indexeddb.leveldb/LOCK: File currently in use. (ChromeMethodBFE: 15::LockFile::2)
[0723/105429.621:ERROR:leveldb_factory.cc(88)] Failed to open LevelDB database from C:\Users\FAMOFI\Desktop\wa_api_js\tokens\my-session\Default\IndexedDB\https_web.whatsapp.com_0.indexeddb.leveldb,IO error: C:\Users\FAMOFI\Desktop\wa_api_js\tokens\my-session\Default\IndexedDB\https_web.whatsapp.com_0.indexeddb.leveldb/LOCK: File currently in use. (ChromeMethodBFE: 15::LockFile::2)
[0723/105431.648:ERROR:leveldb_factory.cc(88)] Failed to open LevelDB database from C:\Users\FAMOFI\Desktop\wa_api_js\tokens\my-session\Default\IndexedDB\https_web.whatsapp.com_0.indexeddb.leveldb,IO error: C:\Users\FAMOFI\Desktop\wa_api_js\tokens\my-session\Default\IndexedDB\https_web.whatsapp.com_0.indexeddb.leveldb/LOCK: File currently in use. (ChromeMethodBFE: 15::LockFile::2)
[0723/105433.687:ERROR:leveldb_factory.cc(88)] Failed to open LevelDB database from C:\Users\FAMOFI\Desktop\wa_api_js\tokens\my-session\Default\IndexedDB\https_web.whatsapp.com_0.indexeddb.leveldb,IO error: C:\Users\FAMOFI\Desktop\wa_api_js\tokens\my-session\Default\IndexedDB\https_web.whatsapp.com_0.indexeddb.leveldb/LOCK: File currently in use. (ChromeMethodBFE: 15::LockFile::2)
[0723/105435.708:ERROR:leveldb_factory.cc(88)] Failed to open LevelDB database from C:\Users\FAMOFI\Desktop\wa_api_js\tokens\my-session\Default\IndexedDB\https_web.whatsapp.com_0.indexeddb.leveldb,IO error: C:\Users\FAMOFI\Desktop\wa_api_js\tokens\my-session\Default\IndexedDB\https_web.whatsapp.com_0.indexeddb.leveldb/LOCK: File currently in use. (ChromeMethodBFE: 15::LockFile::2)
[0723/105435.723:ERROR:sandbox_origin_database.cc(190)] SandboxOriginDatabase failed at: Init@storage\browser\file_system\sandbox_origin_database.cc:94 with error: IO error: C:\Users\FAMOFI\Desktop\wa_api_js\tokens\my-session\Default\File System\Origins/LOCK: File currently in use. (ChromeMethodBFE: 15::LockFile::2)
[0723/105435.723:WARNING:sandbox_origin_database.cc(106)] Attempting to repair SandboxOriginDatabase.
[0723/105437.758:ERROR:leveldb_factory.cc(88)] Failed to open LevelDB database from C:\Users\FAMOFI\Desktop\wa_api_js\tokens\my-session\Default\IndexedDB\https_web.whatsapp.com_0.indexeddb.leveldb,IO error: C:\Users\FAMOFI\Desktop\wa_api_js\tokens\my-session\Default\IndexedDB\https_web.whatsapp.com_0.indexeddb.leveldb/LOCK: File currently in use. (ChromeMethodBFE: 15::LockFile::2)
[0723/105439.788:ERROR:leveldb_factory.cc(88)] Failed to open LevelDB database from C:\Users\FAMOFI\Desktop\wa_api_js\tokens\my-session\Default\IndexedDB\https_web.whatsapp.com_0.indexeddb.leveldb,IO error: C:\Users\FAMOFI\Desktop\wa_api_js\tokens\my-session\Default\IndexedDB\https_web.whatsapp.com_0.indexeddb.leveldb/LOCK: File currently in use. (ChromeMethodBFE: 15::LockFile::2)
[0723/105439.790:WARNING:sandbox_origin_database.cc(140)] Failed to repair SandboxOriginDatabase.
[0723/105441.830:ERROR:sandbox_origin_database.cc(190)] SandboxOriginDatabase failed at: Init@storage\browser\file_system\sandbox_origin_database.cc:94 with error: IO error: C:\Users\FAMOFI\Desktop\wa_api_js\tokens\my-session\Default\File System\Origins/LOCK: File currently in use. (ChromeMethodBFE: 15::LockFile::2)
[0723/105441.830:WARNING:sandbox_origin_database.cc(106)] Attempting to repair SandboxOriginDatabase.
[0723/105441.831:ERROR:leveldb_factory.cc(88)] Failed to open LevelDB database from C:\Users\FAMOFI\Desktop\wa_api_js\tokens\my-session\Default\IndexedDB\https_web.whatsapp.com_0.indexeddb.leveldb,IO error: C:\Users\FAMOFI\Desktop\wa_api_js\tokens\my-session\Default\IndexedDB\https_web.whatsapp.com_0.indexeddb.leveldb/LOCK: File currently in use. (ChromeMethodBFE: 15::LockFile::2)
[0723/105443.863:ERROR:leveldb_factory.cc(88)] Failed to open LevelDB database from C:\Users\FAMOFI\Desktop\wa_api_js\tokens\my-session\Default\IndexedDB\https_web.whatsapp.com_0.indexeddb.leveldb,IO error: C:\Users\FAMOFI\Desktop\wa_api_js\tokens\my-session\Default\IndexedDB\https_web.whatsapp.com_0.indexeddb.leveldb/LOCK: File currently in use. (ChromeMethodBFE: 15::LockFile::2)
[0723/105445.890:WARNING:sandbox_origin_database.cc(140)] Failed to repair SandboxOriginDatabase.
[0723/105445.906:ERROR:leveldb_factory.cc(88)] Failed to open LevelDB database from C:\Users\FAMOFI\Desktop\wa_api_js\tokens\my-session\Default\IndexedDB\https_web.whatsapp.com_0.indexeddb.leveldb,IO error: C:\Users\FAMOFI\Desktop\wa_api_js\tokens\my-session\Default\IndexedDB\https_web.whatsapp.com_0.indexeddb.leveldb/LOCK: File currently in use. (ChromeMethodBFE: 15::LockFile::2)
[0723/105447.914:ERROR:sandbox_origin_database.cc(190)] SandboxOriginDatabase failed at: Init@storage\browser\file_system\sandbox_origin_database.cc:94 with error: IO error: C:\Users\FAMOFI\Desktop\wa_api_js\tokens\my-session\Default\File System\Origins/LOCK: File currently in use. (ChromeMethodBFE: 15::LockFile::2)
[0723/105447.914:WARNING:sandbox_origin_database.cc(106)] Attempting to repair SandboxOriginDatabase.
[0723/105447.926:ERROR:leveldb_factory.cc(88)] Failed to open LevelDB database from C:\Users\FAMOFI\Desktop\wa_api_js\tokens\my-session\Default\IndexedDB\https_web.whatsapp.com_0.indexeddb.leveldb,IO error: C:\Users\FAMOFI\Desktop\wa_api_js\tokens\my-session\Default\IndexedDB\https_web.whatsapp.com_0.indexeddb.leveldb/LOCK: File currently in use. (ChromeMethodBFE: 15::LockFile::2)
[0723/105449.993:ERROR:leveldb_factory.cc(88)] Failed to open LevelDB database from C:\Users\FAMOFI\Desktop\wa_api_js\tokens\my-session\Default\IndexedDB\https_web.whatsapp.com_0.indexeddb.leveldb,IO error: C:\Users\FAMOFI\Desktop\wa_api_js\tokens\my-session\Default\IndexedDB\https_web.whatsapp.com_0.indexeddb.leveldb/LOCK: File currently in use. (ChromeMethodBFE: 15::LockFile::2)
[0723/105451.994:WARNING:sandbox_origin_database.cc(140)] Failed to repair SandboxOriginDatabase.
[0723/105452.024:ERROR:leveldb_factory.cc(88)] Failed to open LevelDB database from C:\Users\FAMOFI\Desktop\wa_api_js\tokens\my-session\Default\IndexedDB\https_web.whatsapp.com_0.indexeddb.leveldb,IO error: C:\Users\FAMOFI\Desktop\wa_api_js\tokens\my-session\Default\IndexedDB\https_web.whatsapp.com_0.indexeddb.leveldb/LOCK: File currently in use. (ChromeMethodBFE: 15::LockFile::2)
[0723/105454.020:ERROR:sandbox_origin_database.cc(190)] SandboxOriginDatabase failed at: Init@storage\browser\file_system\sandbox_origin_database.cc:94 with error: IO error: C:\Users\FAMOFI\Desktop\wa_api_js\tokens\my-session\Default\File System\Origins/LOCK: File currently in use. (ChromeMethodBFE: 15::LockFile::2)
[0723/105454.020:WARNING:sandbox_origin_database.cc(106)] Attempting to repair SandboxOriginDatabase.
[0723/105454.054:ERROR:leveldb_factory.cc(88)] Failed to open LevelDB database from C:\Users\FAMOFI\Desktop\wa_api_js\tokens\my-session\Default\IndexedDB\https_web.whatsapp.com_0.indexeddb.leveldb,IO error: C:\Users\FAMOFI\Desktop\wa_api_js\tokens\my-session\Default\IndexedDB\https_web.whatsapp.com_0.indexeddb.leveldb/LOCK: File currently in use. (ChromeMethodBFE: 15::LockFile::2)
[0723/105455.998:INFO:CONSOLE(1)] "Uncaught ReferenceError: start is not defined", source: file:///C:/Program%20Files/Google/Chrome/Application/115.0.5790.102/ (1)
[0723/105455.998:INFO:CONSOLE(2)] "Uncaught ReferenceError: onHasParentDirectory is not defined", source: file:///C:/Program%20Files/Google/Chrome/Application/115.0.5790.102/ (2)
[0723/105455.998:INFO:CONSOLE(3)] "Uncaught ReferenceError: addRow is not defined", source: file:///C:/Program%20Files/Google/Chrome/Application/115.0.5790.102/ (3)
[0723/105455.998:INFO:CONSOLE(4)] "Uncaught ReferenceError: addRow is not defined", source: file:///C:/Program%20Files/Google/Chrome/Application/115.0.5790.102/ (4)
[0723/105455.998:INFO:CONSOLE(5)] "Uncaught ReferenceError: addRow is not defined", source: file:///C:/Program%20Files/Google/Chrome/Application/115.0.5790.102/ (5)
[0723/105455.998:INFO:CONSOLE(6)] "Uncaught ReferenceError: addRow is not defined", source: file:///C:/Program%20Files/Google/Chrome/Application/115.0.5790.102/ (6)
[0723/105455.998:INFO:CONSOLE(7)] "Uncaught ReferenceError: addRow is not defined", source: file:///C:/Program%20Files/Google/Chrome/Application/115.0.5790.102/ (7)
[0723/105455.998:INFO:CONSOLE(8)] "Uncaught ReferenceError: addRow is not defined", source: file:///C:/Program%20Files/Google/Chrome/Application/115.0.5790.102/ (8)
[0723/105455.998:INFO:CONSOLE(9)] "Uncaught ReferenceError: addRow is not defined", source: file:///C:/Program%20Files/Google/Chrome/Application/115.0.5790.102/ (9)
[0723/105455.998:INFO:CONSOLE(10)] "Uncaught ReferenceError: addRow is not defined", source: file:///C:/Program%20Files/Google/Chrome/Application/115.0.5790.102/ (10)
[0723/105455.998:INFO:CONSOLE(11)] "Uncaught ReferenceError: addRow is not defined", source: file:///C:/Program%20Files/Google/Chrome/Application/115.0.5790.102/ (11)
[0723/105455.998:INFO:CONSOLE(12)] "Uncaught ReferenceError: addRow is not defined", source: file:///C:/Program%20Files/Google/Chrome/Application/115.0.5790.102/ (12)
[0723/105455.998:INFO:CONSOLE(13)] "Uncaught ReferenceError: addRow is not defined", source: file:///C:/Program%20Files/Google/Chrome/Application/115.0.5790.102/ (13)
[0723/105455.998:INFO:CONSOLE(14)] "Uncaught ReferenceError: addRow is not defined", source: file:///C:/Program%20Files/Google/Chrome/Application/115.0.5790.102/ (14)
[0723/105455.998:INFO:CONSOLE(15)] "Uncaught ReferenceError: addRow is not defined", source: file:///C:/Program%20Files/Google/Chrome/Application/115.0.5790.102/ (15)
[0723/105455.998:INFO:CONSOLE(16)] "Uncaught ReferenceError: addRow is not defined", source: file:///C:/Program%20Files/Google/Chrome/Application/115.0.5790.102/ (16)
[0723/105455.998:INFO:CONSOLE(17)] "Uncaught ReferenceError: addRow is not defined", source: file:///C:/Program%20Files/Google/Chrome/Application/115.0.5790.102/ (17)
[0723/105455.998:INFO:CONSOLE(18)] "Uncaught ReferenceError: addRow is not defined", source: file:///C:/Program%20Files/Google/Chrome/Application/115.0.5790.102/ (18)
[0723/105455.998:INFO:CONSOLE(19)] "Uncaught ReferenceError: addRow is not defined", source: file:///C:/Program%20Files/Google/Chrome/Application/115.0.5790.102/ (19)
[0723/105455.998:INFO:CONSOLE(20)] "Uncaught ReferenceError: addRow is not defined", source: file:///C:/Program%20Files/Google/Chrome/Application/115.0.5790.102/ (20)
[0723/105455.998:INFO:CONSOLE(21)] "Uncaught ReferenceError: addRow is not defined", source: file:///C:/Program%20Files/Google/Chrome/Application/115.0.5790.102/ (21)
[0723/105455.998:INFO:CONSOLE(22)] "Uncaught ReferenceError: addRow is not defined", source: file:///C:/Program%20Files/Google/Chrome/Application/115.0.5790.102/ (22)
[0723/105455.998:INFO:CONSOLE(23)] "Uncaught ReferenceError: addRow is not defined", source: file:///C:/Program%20Files/Google/Chrome/Application/115.0.5790.102/ (23)
[0723/105455.998:INFO:CONSOLE(24)] "Uncaught ReferenceError: addRow is not defined", source: file:///C:/Program%20Files/Google/Chrome/Application/115.0.5790.102/ (24)
[0723/105455.998:INFO:CONSOLE(25)] "Uncaught ReferenceError: addRow is not defined", source: file:///C:/Program%20Files/Google/Chrome/Application/115.0.5790.102/ (25)
[0723/105455.998:INFO:CONSOLE(26)] "Uncaught ReferenceError: addRow is not defined", source: file:///C:/Program%20Files/Google/Chrome/Application/115.0.5790.102/ (26)
[0723/105455.998:INFO:CONSOLE(27)] "Uncaught ReferenceError: addRow is not defined", source: file:///C:/Program%20Files/Google/Chrome/Application/115.0.5790.102/ (27)
[0723/105455.998:INFO:CONSOLE(28)] "Uncaught ReferenceError: addRow is not defined", source: file:///C:/Program%20Files/Google/Chrome/Application/115.0.5790.102/ (28)
[0723/105455.998:INFO:CONSOLE(29)] "Uncaught ReferenceError: addRow is not defined", source: file:///C:/Program%20Files/Google/Chrome/Application/115.0.5790.102/ (29)
[0723/105456.000:INFO:CONSOLE(30)] "Uncaught ReferenceError: addRow is not defined", source: file:///C:/Program%20Files/Google/Chrome/Application/115.0.5790.102/ (30)
[0723/105456.000:INFO:CONSOLE(31)] "Uncaught ReferenceError: addRow is not defined", source: file:///C:/Program%20Files/Google/Chrome/Application/115.0.5790.102/ (31)
[0723/105456.000:INFO:CONSOLE(32)] "Uncaught ReferenceError: addRow is not defined", source: file:///C:/Program%20Files/Google/Chrome/Application/115.0.5790.102/ (32)
[0723/105456.000:INFO:CONSOLE(33)] "Uncaught ReferenceError: addRow is not defined", source: file:///C:/Program%20Files/Google/Chrome/Application/115.0.5790.102/ (33)
[0723/105456.110:ERROR:leveldb_factory.cc(88)] Failed to open LevelDB database from C:\Users\FAMOFI\Desktop\wa_api_js\tokens\my-session\Default\IndexedDB\https_web.whatsapp.com_0.indexeddb.leveldb,IO error: C:\Users\FAMOFI\Desktop\wa_api_js\tokens\my-session\Default\IndexedDB\https_web.whatsapp.com_0.indexeddb.leveldb/LOCK: File currently in use. (ChromeMethodBFE: 15::LockFile::2)
[0723/105456.147:ERROR:sandbox_origin_database.cc(190)] SandboxOriginDatabase failed at: Init@storage\browser\file_system\sandbox_origin_database.cc:94 with error: IO error: C:\Users\FAMOFI\Desktop\wa_api_js\tokens\my-session\Default\File System\Origins/LOCK: File currently in use. (ChromeMethodBFE: 15::LockFile::2)
[0723/105456.147:WARNING:sandbox_origin_database.cc(140)] Failed to repair SandboxOriginDatabase.
[0723/105457.179:ERROR:leveldb_factory.cc(88)] Failed to open LevelDB database from C:\Users\FAMOFI\Desktop\wa_api_js\tokens\my-session\Default\IndexedDB\https_web.whatsapp.com_0.indexeddb.leveldb,IO error: C:\Users\FAMOFI\Desktop\wa_api_js\tokens\my-session\Default\IndexedDB\https_web.whatsapp.com_0.indexeddb.leveldb/LOCK: File currently in use. (ChromeMethodBFE: 15::LockFile::2)
[0723/105458.224:ERROR:leveldb_factory.cc(88)] Failed to open LevelDB database from C:\Users\FAMOFI\Desktop\wa_api_js\tokens\my-session\Default\IndexedDB\https_web.whatsapp.com_0.indexeddb.leveldb,IO error: C:\Users\FAMOFI\Desktop\wa_api_js\tokens\my-session\Default\IndexedDB\https_web.whatsapp.com_0.indexeddb.leveldb/LOCK: File currently in use. (ChromeMethodBFE: 15::LockFile::2)
[0723/105459.259:ERROR:leveldb_factory.cc(88)] Failed to open LevelDB database from C:\Users\FAMOFI\Desktop\wa_api_js\tokens\my-session\Default\IndexedDB\https_web.whatsapp.com_0.indexeddb.leveldb,IO error: C:\Users\FAMOFI\Desktop\wa_api_js\tokens\my-session\Default\IndexedDB\https_web.whatsapp.com_0.indexeddb.leveldb/LOCK: File currently in use. (ChromeMethodBFE: 15::LockFile::2)
[0723/105459.627:INFO:CONSOLE(7)] "Another connection wants to delete database 'wawc'. Closing db now to resume the delete request.", source: https://web.whatsapp.com/vendor1~app.0c8e960e5dfd7020f562.js (7)
[0723/105500.288:ERROR:leveldb_factory.cc(88)] Failed to open LevelDB database from C:\Users\FAMOFI\Desktop\wa_api_js\tokens\my-session\Default\IndexedDB\https_web.whatsapp.com_0.indexeddb.leveldb,IO error: C:\Users\FAMOFI\Desktop\wa_api_js\tokens\my-session\Default\IndexedDB\https_web.whatsapp.com_0.indexeddb.leveldb/LOCK: File currently in use. (ChromeMethodBFE: 15::LockFile::2)
[0723/105502.306:ERROR:leveldb_factory.cc(88)] Failed to open LevelDB database from C:\Users\FAMOFI\Desktop\wa_api_js\tokens\my-session\Default\IndexedDB\https_web.whatsapp.com_0.indexeddb.leveldb,IO error: C:\Users\FAMOFI\Desktop\wa_api_js\tokens\my-session\Default\IndexedDB\https_web.whatsapp.com_0.indexeddb.leveldb/LOCK: File currently in use. (ChromeMethodBFE: 15::LockFile::2)
[0723/105504.337:ERROR:leveldb_factory.cc(88)] Failed to open LevelDB database from C:\Users\FAMOFI\Desktop\wa_api_js\tokens\my-session\Default\IndexedDB\https_web.whatsapp.com_0.indexeddb.leveldb,IO error: C:\Users\FAMOFI\Desktop\wa_api_js\tokens\my-session\Default\IndexedDB\https_web.whatsapp.com_0.indexeddb.leveldb/LOCK: File currently in use. (ChromeMethodBFE: 15::LockFile::2)
[0723/105506.394:ERROR:leveldb_factory.cc(88)] Failed to open LevelDB database from C:\Users\FAMOFI\Desktop\wa_api_js\tokens\my-session\Default\IndexedDB\https_web.whatsapp.com_0.indexeddb.leveldb,IO error: C:\Users\FAMOFI\Desktop\wa_api_js\tokens\my-session\Default\IndexedDB\https_web.whatsapp.com_0.indexeddb.leveldb/LOCK: File currently in use. (ChromeMethodBFE: 15::LockFile::2)
[0723/105508.590:ERROR:leveldb_factory.cc(88)] Failed to open LevelDB database from C:\Users\FAMOFI\Desktop\wa_api_js\tokens\my-session\Default\IndexedDB\https_web.whatsapp.com_0.indexeddb.leveldb,IO error: C:\Users\FAMOFI\Desktop\wa_api_js\tokens\my-session\Default\IndexedDB\https_web.whatsapp.com_0.indexeddb.leveldb/LOCK: File currently in use. (ChromeMethodBFE: 15::LockFile::2)
[0723/105510.658:ERROR:leveldb_factory.cc(88)] Failed to open LevelDB database from C:\Users\FAMOFI\Desktop\wa_api_js\tokens\my-session\Default\IndexedDB\https_web.whatsapp.com_0.indexeddb.leveldb,IO error: C:\Users\FAMOFI\Desktop\wa_api_js\tokens\my-session\Default\IndexedDB\https_web.whatsapp.com_0.indexeddb.leveldb/LOCK: File currently in use. (ChromeMethodBFE: 15::LockFile::2)
[0723/105512.722:ERROR:leveldb_factory.cc(88)] Failed to open LevelDB database from C:\Users\FAMOFI\Desktop\wa_api_js\tokens\my-session\Default\IndexedDB\https_web.whatsapp.com_0.indexeddb.leveldb,IO error: C:\Users\FAMOFI\Desktop\wa_api_js\tokens\my-session\Default\IndexedDB\https_web.whatsapp.com_0.indexeddb.leveldb/LOCK: File currently in use. (ChromeMethodBFE: 15::LockFile::2)
[0723/105514.773:ERROR:leveldb_factory.cc(88)] Failed to open LevelDB database from C:\Users\FAMOFI\Desktop\wa_api_js\tokens\my-session\Default\IndexedDB\https_web.whatsapp.com_0.indexeddb.leveldb,IO error: C:\Users\FAMOFI\Desktop\wa_api_js\tokens\my-session\Default\IndexedDB\https_web.whatsapp.com_0.indexeddb.leveldb/LOCK: File currently in use. (ChromeMethodBFE: 15::LockFile::2)
[0723/105516.807:ERROR:leveldb_factory.cc(88)] Failed to open LevelDB database from C:\Users\FAMOFI\Desktop\wa_api_js\tokens\my-session\Default\IndexedDB\https_web.whatsapp.com_0.indexeddb.leveldb,IO error: C:\Users\FAMOFI\Desktop\wa_api_js\tokens\my-session\Default\IndexedDB\https_web.whatsapp.com_0.indexeddb.leveldb/LOCK: File currently in use. (ChromeMethodBFE: 15::LockFile::2)
[0723/105519.059:ERROR:leveldb_factory.cc(88)] Failed to open LevelDB database from C:\Users\FAMOFI\Desktop\wa_api_js\tokens\my-session\Default\IndexedDB\https_web.whatsapp.com_0.indexeddb.leveldb,IO error: C:\Users\FAMOFI\Desktop\wa_api_js\tokens\my-session\Default\IndexedDB\https_web.whatsapp.com_0.indexeddb.leveldb/LOCK: File currently in use. (ChromeMethodBFE: 15::LockFile::2)
[0723/105521.085:ERROR:leveldb_factory.cc(88)] Failed to open LevelDB database from C:\Users\FAMOFI\Desktop\wa_api_js\tokens\my-session\Default\IndexedDB\https_web.whatsapp.com_0.indexeddb.leveldb,IO error: C:\Users\FAMOFI\Desktop\wa_api_js\tokens\my-session\Default\IndexedDB\https_web.whatsapp.com_0.indexeddb.leveldb/LOCK: File currently in use. (ChromeMethodBFE: 15::LockFile::2)
[0723/105523.160:ERROR:leveldb_factory.cc(88)] Failed to open LevelDB database from C:\Users\FAMOFI\Desktop\wa_api_js\tokens\my-session\Default\IndexedDB\https_web.whatsapp.com_0.indexeddb.leveldb,IO error: C:\Users\FAMOFI\Desktop\wa_api_js\tokens\my-session\Default\IndexedDB\https_web.whatsapp.com_0.indexeddb.leveldb/LOCK: File currently in use. (ChromeMethodBFE: 15::LockFile::2)
[0723/105524.830:INFO:CONSOLE(5)] "[object Event]", source: https://web.whatsapp.com/app.9e31a8725d9f2a90915f.js (5)
[0723/105525.177:ERROR:leveldb_factory.cc(88)] Failed to open LevelDB database from C:\Users\FAMOFI\Desktop\wa_api_js\tokens\my-session\Default\IndexedDB\https_web.whatsapp.com_0.indexeddb.leveldb,IO error: C:\Users\FAMOFI\Desktop\wa_api_js\tokens\my-session\Default\IndexedDB\https_web.whatsapp.com_0.indexeddb.leveldb/LOCK: File currently in use. (ChromeMethodBFE: 15::LockFile::2)
[0723/105527.241:ERROR:leveldb_factory.cc(88)] Failed to open LevelDB database from C:\Users\FAMOFI\Desktop\wa_api_js\tokens\my-session\Default\IndexedDB\https_web.whatsapp.com_0.indexeddb.leveldb,IO error: C:\Users\FAMOFI\Desktop\wa_api_js\tokens\my-session\Default\IndexedDB\https_web.whatsapp.com_0.indexeddb.leveldb/LOCK: File currently in use. (ChromeMethodBFE: 15::LockFile::2)
[0723/105529.272:ERROR:leveldb_factory.cc(88)] Failed to open LevelDB database from C:\Users\FAMOFI\Desktop\wa_api_js\tokens\my-session\Default\IndexedDB\https_web.whatsapp.com_0.indexeddb.leveldb,IO error: C:\Users\FAMOFI\Desktop\wa_api_js\tokens\my-session\Default\IndexedDB\https_web.whatsapp.com_0.indexeddb.leveldb/LOCK: File currently in use. (ChromeMethodBFE: 15::LockFile::2)
[0723/105531.303:ERROR:leveldb_factory.cc(88)] Failed to open LevelDB database from C:\Users\FAMOFI\Desktop\wa_api_js\tokens\my-session\Default\IndexedDB\https_web.whatsapp.com_0.indexeddb.leveldb,IO error: C:\Users\FAMOFI\Desktop\wa_api_js\tokens\my-session\Default\IndexedDB\https_web.whatsapp.com_0.indexeddb.leveldb/LOCK: File currently in use. (ChromeMethodBFE: 15::LockFile::2)
[0723/105533.318:ERROR:leveldb_factory.cc(88)] Failed to open LevelDB database from C:\Users\FAMOFI\Desktop\wa_api_js\tokens\my-session\Default\IndexedDB\https_web.whatsapp.com_0.indexeddb.leveldb,IO error: C:\Users\FAMOFI\Desktop\wa_api_js\tokens\my-session\Default\IndexedDB\https_web.whatsapp.com_0.indexeddb.leveldb/LOCK: File currently in use. (ChromeMethodBFE: 15::LockFile::2)
[0723/105533.673:INFO:CONSOLE(0)] "Error with Permissions-Policy header: Unrecognized feature: 'ambient-light-sensor'.", source:  (0)
[0723/105535.375:ERROR:leveldb_factory.cc(88)] Failed to open LevelDB database from C:\Users\FAMOFI\Desktop\wa_api_js\tokens\my-session\Default\IndexedDB\https_web.whatsapp.com_0.indexeddb.leveldb,IO error: C:\Users\FAMOFI\Desktop\wa_api_js\tokens\my-session\Default\IndexedDB\https_web.whatsapp.com_0.indexeddb.leveldb/LOCK: File currently in use. (ChromeMethodBFE: 15::LockFile::2)
[0723/105537.389:ERROR:leveldb_factory.cc(88)] Failed to open LevelDB database from C:\Users\FAMOFI\Desktop\wa_api_js\tokens\my-session\Default\IndexedDB\https_web.whatsapp.com_0.indexeddb.leveldb,IO error: C:\Users\FAMOFI\Desktop\wa_api_js\tokens\my-session\Default\IndexedDB\https_web.whatsapp.com_0.indexeddb.leveldb/LOCK: File currently in use. (ChromeMethodBFE: 15::LockFile::2)
[0723/105539.426:ERROR:leveldb_factory.cc(88)] Failed to open LevelDB database from C:\Users\FAMOFI\Desktop\wa_api_js\tokens\my-session\Default\IndexedDB\https_web.whatsapp.com_0.indexeddb.leveldb,IO error: C:\Users\FAMOFI\Desktop\wa_api_js\tokens\my-session\Default\IndexedDB\https_web.whatsapp.com_0.indexeddb.leveldb/LOCK: File currently in use. (ChromeMethodBFE: 15::LockFile::2)
